<?xml version="1.0" encoding="UTF-8"?>
<testsuite xmlns:xsi="http://www.w3.org/2001/XMLSchema-instance" xsi:noNamespaceSchemaLocation="https://maven.apache.org/surefire/maven-surefire-plugin/xsd/surefire-test-report.xsd" name="com.epam.controller.BookControllerTest" time="1.396" tests="9" errors="1" skipped="0" failures="7">
  <properties>
[...]
</properties>
  <testcase name="testAllBooks" classname="com.epam.controller.BookControllerTest" time="0.058">
    <failure message="Status expected:&lt;200&gt; but was:&lt;406&gt;" type="java.lang.AssertionError"><![CDATA[java.lang.AssertionError: Status expected:<200> but was:<406>
	at com.epam.controller.BookControllerTest.testAllBooks(BookControllerTest.java:36)
]]></failure>
    <system-out><![CDATA[09:35:49.396 [main] DEBUG org.springframework.test.context.BootstrapUtils - Instantiating CacheAwareContextLoaderDelegate from class [org.springframework.test.context.cache.DefaultCacheAwareContextLoaderDelegate]
09:35:49.401 [main] DEBUG org.springframework.test.context.BootstrapUtils - Instantiating BootstrapContext using constructor [public org.springframework.test.context.support.DefaultBootstrapContext(java.lang.Class,org.springframework.test.context.CacheAwareContextLoaderDelegate)]
09:35:49.425 [main] DEBUG org.springframework.test.context.BootstrapUtils - Instantiating TestContextBootstrapper for test class [com.epam.controller.BookControllerTest] from class [org.springframework.boot.test.context.SpringBootTestContextBootstrapper]
09:35:49.432 [main] INFO org.springframework.boot.test.context.SpringBootTestContextBootstrapper - Neither @ContextConfiguration nor @ContextHierarchy found for test class [com.epam.controller.BookControllerTest], using SpringBootContextLoader
09:35:49.434 [main] DEBUG org.springframework.test.context.support.AbstractContextLoader - Did not detect default resource location for test class [com.epam.controller.BookControllerTest]: class path resource [com/epam/controller/BookControllerTest-context.xml] does not exist
09:35:49.434 [main] DEBUG org.springframework.test.context.support.AbstractContextLoader - Did not detect default resource location for test class [com.epam.controller.BookControllerTest]: class path resource [com/epam/controller/BookControllerTestContext.groovy] does not exist
09:35:49.434 [main] INFO org.springframework.test.context.support.AbstractContextLoader - Could not detect default resource locations for test class [com.epam.controller.BookControllerTest]: no resource found for suffixes {-context.xml, Context.groovy}.
09:35:49.473 [main] DEBUG org.springframework.test.context.support.ActiveProfilesUtils - Could not find an 'annotation declaring class' for annotation type [org.springframework.test.context.ActiveProfiles] and class [com.epam.controller.BookControllerTest]
09:35:49.559 [main] DEBUG org.springframework.boot.test.context.SpringBootTestContextBootstrapper - @TestExecutionListeners is not present for class [com.epam.controller.BookControllerTest]: using defaults.
09:35:49.559 [main] INFO org.springframework.boot.test.context.SpringBootTestContextBootstrapper - Loaded default TestExecutionListener class names from location [META-INF/spring.factories]: [org.springframework.boot.test.mock.mockito.MockitoTestExecutionListener, org.springframework.boot.test.mock.mockito.ResetMocksTestExecutionListener, org.springframework.boot.test.autoconfigure.restdocs.RestDocsTestExecutionListener, org.springframework.boot.test.autoconfigure.web.client.MockRestServiceServerResetTestExecutionListener, org.springframework.boot.test.autoconfigure.web.servlet.MockMvcPrintOnlyOnFailureTestExecutionListener, org.springframework.boot.test.autoconfigure.web.servlet.WebDriverTestExecutionListener, org.springframework.boot.test.autoconfigure.webservices.client.MockWebServiceServerTestExecutionListener, org.springframework.test.context.web.ServletTestExecutionListener, org.springframework.test.context.support.DirtiesContextBeforeModesTestExecutionListener, org.springframework.test.context.event.ApplicationEventsTestExecutionListener, org.springframework.test.context.support.DependencyInjectionTestExecutionListener, org.springframework.test.context.support.DirtiesContextTestExecutionListener, org.springframework.test.context.transaction.TransactionalTestExecutionListener, org.springframework.test.context.jdbc.SqlScriptsTestExecutionListener, org.springframework.test.context.event.EventPublishingTestExecutionListener]
09:35:49.578 [main] INFO org.springframework.boot.test.context.SpringBootTestContextBootstrapper - Using TestExecutionListeners: [org.springframework.test.context.web.ServletTestExecutionListener@51133c06, org.springframework.test.context.support.DirtiesContextBeforeModesTestExecutionListener@4b213651, org.springframework.test.context.event.ApplicationEventsTestExecutionListener@4241e0f4, org.springframework.boot.test.mock.mockito.MockitoTestExecutionListener@4ebff610, org.springframework.boot.test.autoconfigure.SpringBootDependencyInjectionTestExecutionListener@60410cd, org.springframework.test.context.support.DirtiesContextTestExecutionListener@44d52de2, org.springframework.test.context.transaction.TransactionalTestExecutionListener@95e33cc, org.springframework.test.context.jdbc.SqlScriptsTestExecutionListener@38604b81, org.springframework.test.context.event.EventPublishingTestExecutionListener@1e44b638, org.springframework.boot.test.mock.mockito.ResetMocksTestExecutionListener@7393222f, org.springframework.boot.test.autoconfigure.restdocs.RestDocsTestExecutionListener@babafc2, org.springframework.boot.test.autoconfigure.web.client.MockRestServiceServerResetTestExecutionListener@31add175, org.springframework.boot.test.autoconfigure.web.servlet.MockMvcPrintOnlyOnFailureTestExecutionListener@ae3540e, org.springframework.boot.test.autoconfigure.web.servlet.WebDriverTestExecutionListener@600b9d27, org.springframework.boot.test.autoconfigure.webservices.client.MockWebServiceServerTestExecutionListener@3688eb5b]
09:35:49.590 [main] DEBUG org.springframework.test.context.support.AbstractDirtiesContextTestExecutionListener - Before test class: context [DefaultTestContext@36b4091c testClass = BookControllerTest, testInstance = [null], testMethod = [null], testException = [null], mergedContextConfiguration = [WebMergedContextConfiguration@4671115f testClass = BookControllerTest, locations = '{}', classes = '{class com.epam.controller.BookController}', contextInitializerClasses = '[]', activeProfiles = '{}', propertySourceLocations = '{}', propertySourceProperties = '{org.springframework.boot.test.context.SpringBootTestContextBootstrapper=true}', contextCustomizers = set[[ImportsContextCustomizer@36cda2c2 key = [org.springframework.boot.test.autoconfigure.web.servlet.MockMvcAutoConfiguration, org.springframework.boot.test.autoconfigure.web.servlet.MockMvcWebClientAutoConfiguration, org.springframework.boot.test.autoconfigure.web.servlet.MockMvcWebDriverAutoConfiguration, org.springframework.boot.autoconfigure.security.oauth2.client.servlet.OAuth2ClientAutoConfiguration, org.springframework.boot.autoconfigure.security.oauth2.resource.servlet.OAuth2ResourceServerAutoConfiguration, org.springframework.boot.autoconfigure.security.servlet.SecurityAutoConfiguration, org.springframework.boot.autoconfigure.security.servlet.SecurityFilterAutoConfiguration, org.springframework.boot.autoconfigure.security.servlet.UserDetailsServiceAutoConfiguration, org.springframework.boot.test.autoconfigure.web.servlet.MockMvcSecurityConfiguration]], org.springframework.boot.test.context.filter.ExcludeFilterContextCustomizer@576d5deb, org.springframework.boot.test.json.DuplicateJsonObjectContextCustomizerFactory$DuplicateJsonObjectContextCustomizer@70e9c95d, org.springframework.boot.test.mock.mockito.MockitoContextCustomizer@56fefda6, org.springframework.boot.test.web.client.TestRestTemplateContextCustomizer@2a7f1f10, org.springframework.boot.test.autoconfigure.actuate.metrics.MetricsExportContextCustomizerFactory$DisableMetricExportContextCustomizer@2a265ea9, org.springframework.boot.test.autoconfigure.properties.PropertyMappingContextCustomizer@4b3fa0b3, org.springframework.boot.test.autoconfigure.web.servlet.WebDriverContextCustomizerFactory$Customizer@5d0bf09b, org.springframework.boot.test.context.SpringBootTestArgs@1, org.springframework.boot.test.context.SpringBootTestWebEnvironment@1060b431], resourceBasePath = 'src/main/webapp', contextLoader = 'org.springframework.boot.test.context.SpringBootContextLoader', parent = [null]], attributes = map['org.springframework.test.context.web.ServletTestExecutionListener.activateListener' -> true]], class annotated with @DirtiesContext [false] with mode [null].
09:35:49.639 [main] DEBUG org.springframework.boot.ApplicationServletEnvironment - Activating profiles []
09:35:49.642 [main] DEBUG org.springframework.test.context.support.TestPropertySourceUtils - Adding inlined properties to environment: {spring.jmx.enabled=false, org.springframework.boot.test.context.SpringBootTestContextBootstrapper=true}

  .   ____          _            __ _ _
 /\\ / ___'_ __ _ _(_)_ __  __ _ \ \ \ \
( ( )\___ | '_ | '_| | '_ \/ _` | \ \ \ \
 \\/  ___)| |_)| | | | | || (_| |  ) ) ) )
  '  |____| .__|_| |_|_| |_\__, | / / / /
 =========|_|==============|___/=/_/_/_/
 :: Spring Boot ::                (v2.5.7)

2022-01-03 09:35:49.862  INFO 21944 --- [           main] com.epam.controller.BookControllerTest   : Starting BookControllerTest using Java 17.0.1 on EPINHYDW0C56 with PID 21944 (started by Manash_Rauta in E:\Intellij Workspace\project backup\TESTING SPRING MVC WITH MODULARITY\Library Management System (Microservices)\LMS_BOOK_SERVICE)
2022-01-03 09:35:49.863 DEBUG 21944 --- [           main] com.epam.controller.BookControllerTest   : Running with Spring Boot v2.5.7, Spring v5.3.13
2022-01-03 09:35:49.863  INFO 21944 --- [           main] com.epam.controller.BookControllerTest   : No active profile set, falling back to default profiles: default
2022-01-03 09:35:50.444  INFO 21944 --- [           main] o.s.b.t.m.w.SpringBootMockServletContext : Initializing Spring TestDispatcherServlet ''
2022-01-03 09:35:50.445  INFO 21944 --- [           main] o.s.t.web.servlet.TestDispatcherServlet  : Initializing Servlet ''
2022-01-03 09:35:50.581  INFO 21944 --- [           main] o.s.t.web.servlet.TestDispatcherServlet  : Completed initialization in 136 ms
2022-01-03 09:35:50.608  INFO 21944 --- [           main] com.epam.controller.BookControllerTest   : Started BookControllerTest in 0.964 seconds (JVM running for 1.678)
2022-01-03 09:35:50.664  WARN 21944 --- [           main] .w.s.m.s.DefaultHandlerExceptionResolver : Resolved [org.springframework.web.HttpMediaTypeNotAcceptableException: Could not find acceptable representation]

MockHttpServletRequest:
      HTTP Method = GET
      Request URI = /books
       Parameters = {}
          Headers = [Content-Type:"application/json"]
             Body = <no character encoding set>
    Session Attrs = {}

Handler:
             Type = com.epam.controller.BookController
           Method = com.epam.controller.BookController#getBooks()

Async:
    Async started = false
     Async result = null

Resolved Exception:
             Type = org.springframework.web.HttpMediaTypeNotAcceptableException

ModelAndView:
        View name = null
             View = null
            Model = null

FlashMap:
       Attributes = null

MockHttpServletResponse:
           Status = 406
    Error message = null
          Headers = []
     Content type = null
             Body = 
    Forwarded URL = null
   Redirected URL = null
          Cookies = []
]]></system-out>
  </testcase>
  <testcase name="testBookById" classname="com.epam.controller.BookControllerTest" time="0.01"/>
  <testcase name="testSaveBook" classname="com.epam.controller.BookControllerTest" time="0.026">
    <failure message="Status expected:&lt;200&gt; but was:&lt;415&gt;" type="java.lang.AssertionError"><![CDATA[java.lang.AssertionError: Status expected:<200> but was:<415>
	at com.epam.controller.BookControllerTest.testSaveBook(BookControllerTest.java:56)
]]></failure>
    <system-out><![CDATA[2022-01-03 09:35:50.714  WARN 21944 --- [           main] .w.s.m.s.DefaultHandlerExceptionResolver : Resolved [org.springframework.web.HttpMediaTypeNotSupportedException: Content type 'application/json' not supported]

MockHttpServletRequest:
      HTTP Method = POST
      Request URI = /books/
       Parameters = {}
          Headers = [Content-Type:"application/json", Content-Length:"80"]
             Body = <no character encoding set>
    Session Attrs = {}

Handler:
             Type = com.epam.controller.BookController
           Method = com.epam.controller.BookController#storeBooks(BookDto)

Async:
    Async started = false
     Async result = null

Resolved Exception:
             Type = org.springframework.web.HttpMediaTypeNotSupportedException

ModelAndView:
        View name = null
             View = null
            Model = null

FlashMap:
       Attributes = null

MockHttpServletResponse:
           Status = 415
    Error message = null
          Headers = []
     Content type = null
             Body = 
    Forwarded URL = null
   Redirected URL = null
          Cookies = []
]]></system-out>
  </testcase>
  <testcase name="testDeleteBookIfBookNotExist" classname="com.epam.controller.BookControllerTest" time="0.008">
    <failure message="Status expected:&lt;404&gt; but was:&lt;406&gt;" type="java.lang.AssertionError"><![CDATA[java.lang.AssertionError: Status expected:<404> but was:<406>
	at com.epam.controller.BookControllerTest.testDeleteBookIfBookNotExist(BookControllerTest.java:103)
]]></failure>
    <system-out><![CDATA[2022-01-03 09:35:50.724  WARN 21944 --- [           main] .w.s.m.s.DefaultHandlerExceptionResolver : Resolved [org.springframework.web.HttpMediaTypeNotAcceptableException: Could not find acceptable representation]

MockHttpServletRequest:
      HTTP Method = DELETE
      Request URI = /books/1
       Parameters = {}
          Headers = [Content-Type:"application/json"]
             Body = <no character encoding set>
    Session Attrs = {}

Handler:
             Type = com.epam.controller.BookController
           Method = com.epam.controller.BookController#deleteBook(Long)

Async:
    Async started = false
     Async result = null

Resolved Exception:
             Type = org.springframework.web.HttpMediaTypeNotAcceptableException

ModelAndView:
        View name = null
             View = null
            Model = null

FlashMap:
       Attributes = null

MockHttpServletResponse:
           Status = 406
    Error message = null
          Headers = []
     Content type = null
             Body = 
    Forwarded URL = null
   Redirected URL = null
          Cookies = []
]]></system-out>
  </testcase>
  <testcase name="testUpdateBook" classname="com.epam.controller.BookControllerTest" time="0.007">
    <failure message="Status expected:&lt;200&gt; but was:&lt;415&gt;" type="java.lang.AssertionError"><![CDATA[java.lang.AssertionError: Status expected:<200> but was:<415>
	at com.epam.controller.BookControllerTest.testUpdateBook(BookControllerTest.java:75)
]]></failure>
    <system-out><![CDATA[2022-01-03 09:35:50.730  WARN 21944 --- [           main] .w.s.m.s.DefaultHandlerExceptionResolver : Resolved [org.springframework.web.HttpMediaTypeNotSupportedException: Content type 'application/json' not supported]

MockHttpServletRequest:
      HTTP Method = PUT
      Request URI = /books/1
       Parameters = {}
          Headers = [Content-Type:"application/json", Content-Length:"80"]
             Body = <no character encoding set>
    Session Attrs = {}

Handler:
             Type = com.epam.controller.BookController
           Method = com.epam.controller.BookController#updateBooks(Long, BookDto)

Async:
    Async started = false
     Async result = null

Resolved Exception:
             Type = org.springframework.web.HttpMediaTypeNotSupportedException

ModelAndView:
        View name = null
             View = null
            Model = null

FlashMap:
       Attributes = null

MockHttpServletResponse:
           Status = 415
    Error message = null
          Headers = []
     Content type = null
             Body = 
    Forwarded URL = null
   Redirected URL = null
          Cookies = []
]]></system-out>
  </testcase>
  <testcase name="testBookByIdIfBookNotExist" classname="com.epam.controller.BookControllerTest" time="0.006">
    <failure message="Status expected:&lt;404&gt; but was:&lt;200&gt;" type="java.lang.AssertionError"><![CDATA[java.lang.AssertionError: Status expected:<404> but was:<200>
	at com.epam.controller.BookControllerTest.testBookByIdIfBookNotExist(BookControllerTest.java:49)
]]></failure>
    <system-out><![CDATA[
MockHttpServletRequest:
      HTTP Method = GET
      Request URI = /books/1
       Parameters = {}
          Headers = [Content-Type:"application/json"]
             Body = <no character encoding set>
    Session Attrs = {}

Handler:
             Type = com.epam.controller.BookController
           Method = com.epam.controller.BookController#getBook(Long)

Async:
    Async started = false
     Async result = null

Resolved Exception:
             Type = null

ModelAndView:
        View name = null
             View = null
            Model = null

FlashMap:
       Attributes = null

MockHttpServletResponse:
           Status = 200
    Error message = null
          Headers = []
     Content type = null
             Body = 
    Forwarded URL = null
   Redirected URL = null
          Cookies = []
]]></system-out>
  </testcase>
  <testcase name="testSaveBookIfBookAlreadyExist" classname="com.epam.controller.BookControllerTest" time="0.008">
    <error message="&#10;Checked exception is invalid for this method!&#10;Invalid: com.epam.exceptions.UserException" type="org.mockito.exceptions.base.MockitoException">org.mockito.exceptions.base.MockitoException: 

Checked exception is invalid for this method!
Invalid: com.epam.exceptions.UserException
	at com.epam.controller.BookControllerTest.testSaveBookIfBookAlreadyExist(BookControllerTest.java:62)
</error>
  </testcase>
  <testcase name="testDeleteBook" classname="com.epam.controller.BookControllerTest" time="0.006">
    <failure message="Status expected:&lt;200&gt; but was:&lt;406&gt;" type="java.lang.AssertionError"><![CDATA[java.lang.AssertionError: Status expected:<200> but was:<406>
	at com.epam.controller.BookControllerTest.testDeleteBook(BookControllerTest.java:94)
]]></failure>
    <system-out><![CDATA[2022-01-03 09:35:50.753  WARN 21944 --- [           main] .w.s.m.s.DefaultHandlerExceptionResolver : Resolved [org.springframework.web.HttpMediaTypeNotAcceptableException: Could not find acceptable representation]

MockHttpServletRequest:
      HTTP Method = DELETE
      Request URI = /books/1
       Parameters = {}
          Headers = [Content-Type:"application/json"]
             Body = <no character encoding set>
    Session Attrs = {}

Handler:
             Type = com.epam.controller.BookController
           Method = com.epam.controller.BookController#deleteBook(Long)

Async:
    Async started = false
     Async result = null

Resolved Exception:
             Type = org.springframework.web.HttpMediaTypeNotAcceptableException

ModelAndView:
        View name = null
             View = null
            Model = null

FlashMap:
       Attributes = null

MockHttpServletResponse:
           Status = 406
    Error message = null
          Headers = []
     Content type = null
             Body = 
    Forwarded URL = null
   Redirected URL = null
          Cookies = []
]]></system-out>
  </testcase>
  <testcase name="testUpdateBookIfBookNotExist" classname="com.epam.controller.BookControllerTest" time="0.005">
    <failure message="Status expected:&lt;404&gt; but was:&lt;415&gt;" type="java.lang.AssertionError"><![CDATA[java.lang.AssertionError: Status expected:<404> but was:<415>
	at com.epam.controller.BookControllerTest.testUpdateBookIfBookNotExist(BookControllerTest.java:86)
]]></failure>
    <system-out><![CDATA[2022-01-03 09:35:50.759  WARN 21944 --- [           main] .w.s.m.s.DefaultHandlerExceptionResolver : Resolved [org.springframework.web.HttpMediaTypeNotSupportedException: Content type 'application/json' not supported]

MockHttpServletRequest:
      HTTP Method = PUT
      Request URI = /books/1
       Parameters = {}
          Headers = [Content-Type:"application/json", Content-Length:"61"]
             Body = <no character encoding set>
    Session Attrs = {}

Handler:
             Type = com.epam.controller.BookController
           Method = com.epam.controller.BookController#updateBooks(Long, BookDto)

Async:
    Async started = false
     Async result = null

Resolved Exception:
             Type = org.springframework.web.HttpMediaTypeNotSupportedException

ModelAndView:
        View name = null
             View = null
            Model = null

FlashMap:
       Attributes = null

MockHttpServletResponse:
           Status = 415
    Error message = null
          Headers = []
     Content type = null
             Body = 
    Forwarded URL = null
   Redirected URL = null
          Cookies = []
]]></system-out>
  </testcase>
</testsuite>